<?xml version="1.0" encoding="UTF-8"?>
<!-- Generated by org.testng.reporters.JUnitReportReporter -->
<testsuite hostname="LAPTOP-DQVJ9FH9" failures="0" tests="1" name="testCases.TC_001_AccRegTest" time="10.774" errors="0" timestamp="2023-11-17T22:28:34 IST" skipped="0">
  <testcase classname="testCases.TC_001_AccRegTest" name="test_acc_reg" time="10.774"/>
</testsuite> <!-- testCases.TC_001_AccRegTest -->
