<?xml version="1.0" encoding="UTF-8"?>
<!-- Generated by org.testng.reporters.JUnitReportReporter -->
<testsuite hostname="LAPTOP-DQVJ9FH9" failures="0" tests="1" name="testCases.TC_002_LoginTest" time="1.163" errors="0" timestamp="2023-11-17T22:28:34 IST" skipped="0">
  <testcase classname="testCases.TC_002_LoginTest" name="test_login" time="1.163"/>
</testsuite> <!-- testCases.TC_002_LoginTest -->
